<?xml version="1.0" encoding="UTF-8"?>
<testng-results ignored="0" total="1" passed="1" failed="0" skipped="0">
  <reporter-output>
  </reporter-output>
  <suite started-at="2026-08-16T20:19:51 IST" name="Default suite" finished-at="2026-08-16T20:19:55 IST" duration-ms="3892">
    <groups>
      <group name="smoke">
        <method signature="SearchProductTest.verifyProductSearch()[pri:0, instance:com.ui.tests.SearchProductTest@397fbdb]" name="verifyProductSearch" class="com.ui.tests.SearchProductTest"/>
      </group> <!-- smoke -->
      <group name="sanity">
        <method signature="SearchProductTest.verifyProductSearch()[pri:0, instance:com.ui.tests.SearchProductTest@397fbdb]" name="verifyProductSearch" class="com.ui.tests.SearchProductTest"/>
      </group> <!-- sanity -->
      <group name="e2e">
        <method signature="SearchProductTest.verifyProductSearch()[pri:0, instance:com.ui.tests.SearchProductTest@397fbdb]" name="verifyProductSearch" class="com.ui.tests.SearchProductTest"/>
      </group> <!-- e2e -->
    </groups>
    <test started-at="2026-08-16T20:19:51 IST" name="Default test" finished-at="2026-08-16T20:19:55 IST" duration-ms="3892">
      <class name="com.ui.tests.SearchProductTest">
        <test-method is-config="true" signature="setUp(java.lang.String,boolean,boolean,org.testng.ITestResult)[pri:0, instance:com.ui.tests.SearchProductTest@397fbdb]" started-at="2026-08-16T20:19:51 IST" name="setUp" description="Load the homepage of the website" finished-at="2026-08-16T20:19:54 IST" duration-ms="2892" status="PASS">
          <params>
            <param index="0">
              <value>
                <![CDATA[chrome]]>
              </value>
            </param>
            <param index="1">
              <value>
                <![CDATA[false]]>
              </value>
            </param>
            <param index="2">
              <value>
                <![CDATA[true]]>
              </value>
            </param>
            <param index="3">
              <value>
                <![CDATA[[TestResult name={null} status=CREATED method=SearchProductTest.verifyProductSearch()[pri:0, instance:com.ui.tests.SearchProductTest@397fbdb] output={null}]]]>
              </value>
            </param>
          </params>
          <reporter-output>
          </reporter-output>
        </test-method> <!-- setUp -->
        <test-method is-config="true" signature="setUp()[pri:0, instance:com.ui.tests.SearchProductTest@397fbdb]" started-at="2026-08-16T20:19:54 IST" name="setUp" description="valid user logs into the application" finished-at="2026-08-16T20:19:54 IST" duration-ms="444" status="PASS">
          <reporter-output>
          </reporter-output>
        </test-method> <!-- setUp -->
        <test-method signature="verifyProductSearch()[pri:0, instance:com.ui.tests.SearchProductTest@397fbdb]" started-at="2026-08-16T20:19:54 IST" name="verifyProductSearch" description="Verify if the logged in user able to search a product and correct products search products are displayed" finished-at="2026-08-16T20:19:55 IST" duration-ms="528" status="PASS">
          <reporter-output>
          </reporter-output>
        </test-method> <!-- verifyProductSearch -->
        <test-method is-config="true" signature="tearDown()[pri:0, instance:com.ui.tests.SearchProductTest@397fbdb]" started-at="2026-08-16T20:19:55 IST" name="tearDown" description="Tear down the browser" finished-at="2026-08-16T20:19:55 IST" duration-ms="1" status="PASS">
          <reporter-output>
          </reporter-output>
        </test-method> <!-- tearDown -->
      </class> <!-- com.ui.tests.SearchProductTest -->
    </test> <!-- Default test -->
  </suite> <!-- Default suite -->
</testng-results>
